#
# There is insufficient memory for the Java Runtime Environment to continue.
# Native memory allocation (mmap) failed to map 264241152 bytes for Failed to commit area from 0x0000000705600000 to 0x0000000715200000 of length 264241152.
# Possible reasons:
#   The system is out of physical RAM or swap space
#   The process is running with CompressedOops enabled, and the Java Heap may be blocking the growth of the native heap
# Possible solutions:
#   Reduce memory load on the system
#   Increase physical memory or swap space
#   Check if swap backing store is full
#   Decrease Java heap size (-Xmx/-Xms)
#   Decrease number of Java threads
#   Decrease Java thread stack sizes (-Xss)
#   Set larger code cache with -XX:ReservedCodeCacheSize=
# This output file may be truncated or incomplete.
#
#  Out of Memory Error (c:/cygwin64/tmp/ojdkbuild/lookaside/java-11-openjdk/src/hotspot/os/windows/os_windows.cpp:3291), pid=8052, tid=23932
#
# JRE version:  (11.0.5+10) (build )
# Java VM: OpenJDK 64-Bit Server VM (11.0.5+10-LTS, mixed mode, aot, sharing, tiered, compressed oops, g1 gc, windows-amd64)
# No core dump will be written. Minidumps are not enabled by default on client versions of Windows
#

---------------  S U M M A R Y ------------

Command Line: 

Host: 11th Gen Intel(R) Core(TM) i5-1135G7 @ 2.40GHz, 8 cores, 15G,  Windows 10 , 64 bit Build 22000 (10.0.22000.2003)
Time: Thu Jul  6 14:53:17 2023 India Standard Time elapsed time: 0 seconds (0d 0h 0m 0s)

---------------  T H R E A D  ---------------

Current thread (0x0000026003c71800):  JavaThread "Unknown thread" [_thread_in_vm, id=23932, stack(0x000000fa20800000,0x000000fa20900000)]

Stack: [0x000000fa20800000,0x000000fa20900000]
Native frames: (J=compiled Java code, j=interpreted, Vv=VM code, C=native code)
V  [jvm.dll+0x5e14da]
V  [jvm.dll+0x773fde]
V  [jvm.dll+0x77566b]
V  [jvm.dll+0x775d33]
V  [jvm.dll+0x241858]
V  [jvm.dll+0x5de97a]
V  [jvm.dll+0x5d3565]
V  [jvm.dll+0x2f79cc]
V  [jvm.dll+0x2f7852]
V  [jvm.dll+0x2fc506]
V  [jvm.dll+0x33dbef]
V  [jvm.dll+0x33d620]
V  [jvm.dll+0x2d4ca8]
V  [jvm.dll+0x2d5df6]
V  [jvm.dll+0x74f957]
V  [jvm.dll+0x7510df]
V  [jvm.dll+0x34aab9]
V  [jvm.dll+0x733da0]
V  [jvm.dll+0x3b23af]
V  [jvm.dll+0x3b4901]
C  [jli.dll+0x2f03]
C  [ucrtbase.dll+0x26c0c]
C  [KERNEL32.DLL+0x155a0]
C  [ntdll.dll+0x485b]


---------------  P R O C E S S  ---------------

Threads class SMR info:
_java_thread_list=0x0000026001b079c0, length=0, elements={
}

Java Threads: ( => current thread )

Other Threads:
  0x0000026003c88800 GCTaskThread "GC Thread#0" [stack: 0x000000fa20900000,0x000000fa20a00000] [id=25860]
  0x0000026003ce5000 ConcurrentGCThread "G1 Main Marker" [stack: 0x000000fa20a00000,0x000000fa20b00000] [id=13492]
  0x0000026003ce7000 ConcurrentGCThread "G1 Conc#0" [stack: 0x000000fa20b00000,0x000000fa20c00000] [id=1776]

[error occurred during error reporting (printing all threads), id 0xc0000005, EXCEPTION_ACCESS_VIOLATION (0xc0000005) at pc=0x00007ffbb35e42f7]

VM state:not at safepoint (not fully initialized)

VM Mutex/Monitor currently owned by a thread:  ([mutex/lock_event])
[0x0000026003c6f120] Heap_lock - owner thread: 0x0000026003c71800

Heap address: 0x0000000705600000, size: 4010 MB, Compressed Oops mode: Non-zero based: 0x0000000705600000
Narrow klass base: 0x0000000000000000, Narrow klass shift: 0

GC Heap History (0 events):
No events

Deoptimization events (0 events):
No events

Classes redefined (0 events):
No events

Internal exceptions (0 events):
No events

Events (0 events):
No events


Dynamic libraries:
0x00007ff7f29a0000 - 0x00007ff7f2a02000 	C:\Program Files\RedHat\java-11-openjdk-11.0.5-2\bin\java.exe
0x00007ffbe5ae0000 - 0x00007ffbe5ce9000 	C:\WINDOWS\SYSTEM32\ntdll.dll
0x00007ffbe4980000 - 0x00007ffbe4a3e000 	C:\WINDOWS\System32\KERNEL32.DLL
0x00007ffbe2f80000 - 0x00007ffbe3304000 	C:\WINDOWS\System32\KERNELBASE.dll
0x00007ffbb4200000 - 0x00007ffbb4215000 	C:\Program Files\RedHat\java-11-openjdk-11.0.5-2\bin\VCRUNTIME140.dll
0x00007ffbe3670000 - 0x00007ffbe3781000 	C:\WINDOWS\System32\ucrtbase.dll
0x00007ffbb41c0000 - 0x00007ffbb41d8000 	C:\Program Files\RedHat\java-11-openjdk-11.0.5-2\bin\jli.dll
0x00007ffbe5020000 - 0x00007ffbe51cd000 	C:\WINDOWS\System32\USER32.dll
0x00007ffbc4960000 - 0x00007ffbc4c05000 	C:\WINDOWS\WinSxS\amd64_microsoft.windows.common-controls_6595b64144ccf1df_6.0.22000.120_none_9d947278b86cc467\COMCTL32.dll
0x00007ffbe3310000 - 0x00007ffbe3336000 	C:\WINDOWS\System32\win32u.dll
0x00007ffbe51d0000 - 0x00007ffbe5273000 	C:\WINDOWS\System32\msvcrt.dll
0x00007ffbe5290000 - 0x00007ffbe52ba000 	C:\WINDOWS\System32\GDI32.dll
0x00007ffbe3340000 - 0x00007ffbe345f000 	C:\WINDOWS\System32\gdi32full.dll
0x00007ffbe3460000 - 0x00007ffbe34fd000 	C:\WINDOWS\System32\msvcp_win.dll
0x00007ffbe4fe0000 - 0x00007ffbe5011000 	C:\WINDOWS\System32\IMM32.DLL
0x00007ffbb3e50000 - 0x00007ffbb3eeb000 	C:\Program Files\RedHat\java-11-openjdk-11.0.5-2\bin\msvcp140.dll
0x00007ffbb3300000 - 0x00007ffbb3e41000 	C:\Program Files\RedHat\java-11-openjdk-11.0.5-2\bin\server\jvm.dll
0x00007ffbe47b0000 - 0x00007ffbe485f000 	C:\WINDOWS\System32\ADVAPI32.dll
0x00007ffbe41c0000 - 0x00007ffbe425e000 	C:\WINDOWS\System32\sechost.dll
0x00007ffbe3b70000 - 0x00007ffbe3c91000 	C:\WINDOWS\System32\RPCRT4.dll
0x00007ffbe3a90000 - 0x00007ffbe3a98000 	C:\WINDOWS\System32\PSAPI.DLL
0x00007ffbd8860000 - 0x00007ffbd886a000 	C:\WINDOWS\SYSTEM32\VERSION.dll
0x00007ffbba2b0000 - 0x00007ffbba2b9000 	C:\WINDOWS\SYSTEM32\WSOCK32.dll
0x00007ffbd8b40000 - 0x00007ffbd8b73000 	C:\WINDOWS\SYSTEM32\WINMM.dll
0x00007ffbe4740000 - 0x00007ffbe47af000 	C:\WINDOWS\System32\WS2_32.dll
0x00007ffbe1e90000 - 0x00007ffbe1ea8000 	C:\WINDOWS\SYSTEM32\kernel.appcore.dll
0x00007ffbb61d0000 - 0x00007ffbb61e0000 	C:\Program Files\RedHat\java-11-openjdk-11.0.5-2\bin\verify.dll
0x00007ffbe0980000 - 0x00007ffbe0ba1000 	C:\WINDOWS\SYSTEM32\DBGHELP.DLL
0x00007ffbd2520000 - 0x00007ffbd2551000 	C:\WINDOWS\SYSTEM32\dbgcore.DLL
0x00007ffbe3790000 - 0x00007ffbe380f000 	C:\WINDOWS\System32\bcryptPrimitives.dll
0x00007ffbb61a0000 - 0x00007ffbb61c8000 	C:\Program Files\RedHat\java-11-openjdk-11.0.5-2\bin\java.dll
0x00007ffbb43c0000 - 0x00007ffbb43d7000 	C:\Program Files\RedHat\java-11-openjdk-11.0.5-2\bin\zip.dll
0x00007ffbb43b0000 - 0x00007ffbb43ba000 	C:\Program Files\RedHat\java-11-openjdk-11.0.5-2\bin\jimage.dll

dbghelp: loaded successfully - version: 4.0.5 - missing functions: none
symbol engine: initialized successfully - sym options: 0x614 - pdb path: .;C:\Program Files\RedHat\java-11-openjdk-11.0.5-2\bin;C:\WINDOWS\SYSTEM32;C:\WINDOWS\WinSxS\amd64_microsoft.windows.common-controls_6595b64144ccf1df_6.0.22000.120_none_9d947278b86cc467;C:\Program Files\RedHat\java-11-openjdk-11.0.5-2\bin\server

VM Arguments:
java_command: <unknown>
java_class_path (initial): <not set>
Launcher Type: SUN_STANDARD

[Global flags]
     intx CICompilerCount                          = 4                                         {product} {ergonomic}
     uint ConcGCThreads                            = 2                                         {product} {ergonomic}
     uint G1ConcRefinementThreads                  = 8                                         {product} {ergonomic}
   size_t G1HeapRegionSize                         = 1048576                                   {product} {ergonomic}
    uintx GCDrainStackTargetSize                   = 64                                        {product} {ergonomic}
   size_t InitialHeapSize                          = 264241152                                 {product} {ergonomic}
   size_t MarkStackSize                            = 4194304                                   {product} {ergonomic}
   size_t MaxHeapSize                              = 4204789760                                {product} {ergonomic}
   size_t MinHeapDeltaBytes                        = 1048576                                   {product} {ergonomic}
    uintx NonNMethodCodeHeapSize                   = 5836300                                {pd product} {ergonomic}
    uintx NonProfiledCodeHeapSize                  = 122910970                              {pd product} {ergonomic}
    uintx ProfiledCodeHeapSize                     = 122910970                              {pd product} {ergonomic}
    uintx ReservedCodeCacheSize                    = 251658240                              {pd product} {ergonomic}
     bool SegmentedCodeCache                       = true                                      {product} {ergonomic}
     bool UseCompressedClassPointers               = true                                 {lp64_product} {ergonomic}
     bool UseCompressedOops                        = true                                 {lp64_product} {ergonomic}
     bool UseG1GC                                  = true                                      {product} {ergonomic}
     bool UseLargePagesIndividualAllocation        = false                                  {pd product} {ergonomic}

Logging:
Log output configuration:
 #0: stdout all=warning uptime,level,tags
 #1: stderr all=off uptime,level,tags

Environment Variables:
PATH=C:\Users\mohammedsameer\Desktop\ReactNative\rnstarter\node_modules\.bin;C:\Users\mohammedsameer\Desktop\ReactNative\node_modules\.bin;C:\Users\mohammedsameer\Desktop\node_modules\.bin;C:\Users\mohammedsameer\node_modules\.bin;C:\Users\node_modules\.bin;C:\node_modules\.bin;C:\Users\mohammedsameer\AppData\Roaming\npm\node_modules\npm\node_modules\@npmcli\run-script\lib\node-gyp-bin;C:\Users\mohammedsameer\Desktop\ReactNative\rnstarter\node_modules\.bin;C:\Users\mohammedsameer\Desktop\ReactNative\node_modules\.bin;C:\Users\mohammedsameer\Desktop\node_modules\.bin;C:\Users\mohammedsameer\node_modules\.bin;C:\Users\node_modules\.bin;C:\node_modules\.bin;C:\Users\mohammedsameer\AppData\Roaming\npm\node_modules\npm\node_modules\@npmcli\run-script\lib\node-gyp-bin;C:\Program Files\RedHat\java-11-openjdk-11.0.5-2\bin;C:\Program Files\Microsoft MPI\Bin\;C:\Windows\system32;C:\Windows;C:\Windows\System32\Wbem;C:\Windows\System32\WindowsPowerShell\v1.0\;C:\Windows\System32\OpenSSH\;C:\Program Files\TortoiseSVN\bin;%JAVA_HOME%\bin;C:\Program Files\dotnet\;C:\Program Files (x86)\Microsoft SQL Server\150\DTS\Binn\;C:\Program Files\Azure Data Studio\bin;C:\Program Files\Microsoft SQL Server\130\Tools\Binn\;C:\Program Files\Microsoft SQL Server\Client SDK\ODBC\170\Tools\Binn\;C:\Program Files (x86)\Microsoft SQL Server\140\Tools\Binn\;C:\Program Files\Microsoft SQL Server\140\Tools\Binn\;C:\Program Files (x86)\Microsoft SQL Server\140\DTS\Binn\;C:\Program Files\Microsoft SQL Server\140\DTS\Binn\;C:\Program Files\Microsoft SQL Server\Client SDK\ODBC\130\Tools\Binn\;C:\apache-maven-3.6.3-bin\apache-maven-3.6.3\bin;C:\Program Files\Microsoft SQL Server\150\Tools\Binn\;C:\WINDOWS\system32;C:\WINDOWS;C:\WINDOWS\System32\Wbem;C:\WINDOWS\System32\WindowsPowerShell\v1.0\;C:\WINDOWS\System32\OpenSSH\;C:\Program Files\Kubernetes\Minikube;C:\Program Files\Docker\Docker\resources\bin;C:\Program Files\Git\cmd;C:\Program Files\nodejs\;C:\Users\mohammedsameer\AppData\Local\Microsoft\WindowsApps
USERNAME=mohammedsameer
OS=Windows_NT
PROCESSOR_IDENTIFIER=Intel64 Family 6 Model 140 Stepping 1, GenuineIntel



---------------  S Y S T E M  ---------------

OS: Windows 10 , 64 bit Build 22000 (10.0.22000.2003)
HyperV virtualization detected

CPU:total 8 (initial active 8) (4 cores per cpu, 2 threads per core) family 6 model 140 stepping 1, cmov, cx8, fxsr, mmx, sse, sse2, sse3, ssse3, sse4.1, sse4.2, popcnt, avx, avx2, aes, clmul, erms, 3dnowpref, lzcnt, ht, tsc, tscinvbit, bmi1, bmi2, adx, evex, sha, fma

Memory: 4k page, system-wide physical 16034M (438M free)
TotalPageFile size 32034M (AvailPageFile size 188M)
current process WorkingSet (physical memory assigned to process): 10M, peak: 10M
current process commit charge ("private bytes"): 60M, peak: 312M

vm_info: OpenJDK 64-Bit Server VM (11.0.5+10-LTS) for windows-amd64 JRE (11.0.5+10-LTS), built on Nov  8 2019 01:41:57 by "" with unknown MS VC++:1916

END.
